<?xml version="1.0" encoding="UTF-8"?>
<TestRun id="a1c0696b-3275-407a-a5c9-36f6f8daaeea" name="Administrator@SEO-PC 2010-08-20 09:43:33" runUser="Seo-PC\Administrator" xmlns="http://microsoft.com/schemas/VisualStudio/TeamTest/2010">
  <TestSettings name="本地" id="9f56c5ba-967a-41bb-8e64-e0cffe615687">
    <Description>这些设置为本地测试运行的默认测试设置。</Description>
    <Deployment enabled="false" runDeploymentRoot="Administrator_SEO-PC 2010-08-20 09_43_33" />
    <Execution>
      <TestTypeSpecific />
      <AgentRule name="Execution Agents">
      </AgentRule>
    </Execution>
  </TestSettings>
  <Times creation="2010-08-20T09:43:33.6528000+08:00" queuing="2010-08-20T09:43:34.7048000+08:00" start="2010-08-20T09:43:34.8298000+08:00" finish="2010-08-20T09:43:38.2538000+08:00" />
  <ResultSummary outcome="Completed">
    <Counters total="1" executed="1" passed="1" error="0" failed="0" timeout="0" aborted="0" inconclusive="0" passedButRunAborted="0" notRunnable="0" notExecuted="0" disconnected="0" warning="0" completed="0" inProgress="0" pending="0" />
  </ResultSummary>
  <TestDefinitions>
    <UnitTest name="TestMethod1" storage="e:\sourcecode\bethelpdemo\testproject1\bin\debug\testproject1.dll" id="59863143-3238-122e-4d8a-637b491cc755">
      <Execution id="cfd55db8-8802-4b52-8338-26e83a43b955" />
      <TestMethod codeBase="E:/SourceCode/BetHelpDemo/TestProject1/bin/Debug/TestProject1.DLL" adapterTypeName="Microsoft.VisualStudio.TestTools.TestTypes.Unit.UnitTestAdapter, Microsoft.VisualStudio.QualityTools.Tips.UnitTest.Adapter, Version=10.0.0.0, Culture=neutral, PublicKeyToken=b03f5f7f11d50a3a" className="TestProject1.UnitTest1, TestProject1, Version=1.0.0.0, Culture=neutral, PublicKeyToken=null" name="TestMethod1" />
    </UnitTest>
  </TestDefinitions>
  <TestLists>
    <TestList name="列表中未列出的结果" id="8c84fa94-04c1-424b-9868-57a2d4851a1d" />
    <TestList name="所有已加载的结果" id="19431567-8539-422a-85d7-44ee4e166bda" />
  </TestLists>
  <TestEntries>
    <TestEntry testId="59863143-3238-122e-4d8a-637b491cc755" executionId="cfd55db8-8802-4b52-8338-26e83a43b955" testListId="8c84fa94-04c1-424b-9868-57a2d4851a1d" />
  </TestEntries>
  <Results>
    <UnitTestResult executionId="cfd55db8-8802-4b52-8338-26e83a43b955" testId="59863143-3238-122e-4d8a-637b491cc755" testName="TestMethod1" computerName="SEO-PC" duration="00:00:02.0110520" startTime="2010-08-20T09:43:34.9558000+08:00" endTime="2010-08-20T09:43:38.1788000+08:00" testType="13cdc9d9-ddb5-4fa4-a97d-d965ccfc6d4b" outcome="Passed" testListId="8c84fa94-04c1-424b-9868-57a2d4851a1d" relativeResultsDirectory="cfd55db8-8802-4b52-8338-26e83a43b955">
      <Output>
        <DebugTrace>asdasd</DebugTrace>
      </Output>
    </UnitTestResult>
  </Results>
</TestRun>